<?xml version="1.0" encoding="UTF-8"?>
<testng-results ignored="0" total="1" passed="1" failed="0" skipped="0">
  <reporter-output>
  </reporter-output>
  <suite started-at="2019-04-05T01:28:29Z" name="Default suite" finished-at="2019-04-05T01:28:35Z" duration-ms="6055">
    <groups>
    </groups>
    <test started-at="2019-04-05T01:28:29Z" name="Default test" finished-at="2019-04-05T01:28:35Z" duration-ms="6055">
      <class name="stepdef.Utility">
        <test-method signature="open_Firefox_and_start_the_App()[pri:0, instance:stepdef.Utility@3af9c5b7]" started-at="2019-04-05T01:28:29Z" name="open_Firefox_and_start_the_App" finished-at="2019-04-05T01:28:35Z" duration-ms="6036" status="PASS">
          <reporter-output>
          </reporter-output>
        </test-method> <!-- open_Firefox_and_start_the_App -->
      </class> <!-- stepdef.Utility -->
    </test> <!-- Default test -->
  </suite> <!-- Default suite -->
</testng-results>
