<?xml version="1.0" encoding="UTF-8"?>
<testng-results ignored="0" total="1" passed="1" failed="0" skipped="0">
  <reporter-output>
  </reporter-output>
  <suite started-at="2019-04-10T03:10:50Z" name="Default suite" finished-at="2019-04-10T03:10:55Z" duration-ms="5194">
    <groups>
    </groups>
    <test started-at="2019-04-10T03:10:50Z" name="Default test" finished-at="2019-04-10T03:10:55Z" duration-ms="5194">
      <class name="DropDownDemo">
        <test-method signature="testcase1()[pri:0, instance:DropDownDemo@37271612]" started-at="2019-04-10T03:10:50Z" name="testcase1" finished-at="2019-04-10T03:10:55Z" duration-ms="5167" status="PASS">
          <reporter-output>
          </reporter-output>
        </test-method> <!-- testcase1 -->
      </class> <!-- DropDownDemo -->
    </test> <!-- Default test -->
  </suite> <!-- Default suite -->
</testng-results>
